{
  "stats": {
    "suites": 1,
    "tests": 1,
    "passes": 1,
    "pending": 0,
    "failures": 0,
    "start": "2023-12-16T14:49:30.673Z",
    "end": "2023-12-16T14:49:30.745Z",
    "duration": 72,
    "testsRegistered": 1,
    "passPercent": 100,
    "pendingPercent": 0,
    "other": 0,
    "hasOther": false,
    "skipped": 0,
    "hasSkipped": false
  },
  "results": [
    {
      "uuid": "46310894-dd01-4152-a815-7395a9a56426",
      "title": "",
      "fullFile": "cypress\\e2e\\specifiedTestOrder.cy.js",
      "file": "cypress\\e2e\\specifiedTestOrder.cy.js",
      "beforeHooks": [],
      "afterHooks": [],
      "tests": [],
      "suites": [
        {
          "uuid": "fd4b2fca-27f2-4b0c-a6c1-09fa06c1d297",
          "title": "test 01",
          "fullFile": "",
          "file": "",
          "beforeHooks": [],
          "afterHooks": [],
          "tests": [
            {
              "title": "login to application",
              "fullTitle": "test 01 login to application",
              "timedOut": null,
              "duration": 40,
              "state": "passed",
              "speed": "fast",
              "pass": true,
              "fail": false,
              "pending": false,
              "context": null,
              "code": "cy.log(\"test 01\");",
              "err": {},
              "uuid": "021f9ba7-eda5-4aab-813a-b270a9ced017",
              "parentUUID": "fd4b2fca-27f2-4b0c-a6c1-09fa06c1d297",
              "isHook": false,
              "skipped": false
            }
          ],
          "suites": [],
          "passes": [
            "021f9ba7-eda5-4aab-813a-b270a9ced017"
          ],
          "failures": [],
          "pending": [],
          "skipped": [],
          "duration": 40,
          "root": false,
          "rootEmpty": false,
          "_timeout": 2000
        }
      ],
      "passes": [],
      "failures": [],
      "pending": [],
      "skipped": [],
      "duration": 0,
      "root": true,
      "rootEmpty": true,
      "_timeout": 2000
    }
  ],
  "meta": {
    "mocha": {
      "version": "7.0.1"
    },
    "mochawesome": {
      "options": {
        "quiet": false,
        "reportFilename": "mochawesome",
        "saveHtml": false,
        "saveJson": true,
        "consoleReporter": "spec",
        "useInlineDiffs": false,
        "code": true
      },
      "version": "7.1.3"
    },
    "marge": {
      "options": {
        "overwrite": false,
        "html": false,
        "json": true,
        "reportDir": "cypress\\reports\\html\\.jsons"
      },
      "version": "6.2.0"
    }
  }
}