{
  "stats": {
    "suites": 1,
    "tests": 5,
    "passes": 5,
    "pending": 0,
    "failures": 0,
    "start": "2023-12-14T02:46:49.853Z",
    "end": "2023-12-14T02:46:56.116Z",
    "duration": 6263,
    "testsRegistered": 5,
    "passPercent": 100,
    "pendingPercent": 0,
    "other": 0,
    "hasOther": false,
    "skipped": 0,
    "hasSkipped": false
  },
  "results": [
    {
      "uuid": "158fd151-0cc1-447f-b65a-78fe7ba88bd2",
      "title": "",
      "fullFile": "cypress\\e2e\\2-advanced-examples\\utilities.cy.js",
      "file": "cypress\\e2e\\2-advanced-examples\\utilities.cy.js",
      "beforeHooks": [],
      "afterHooks": [],
      "tests": [],
      "suites": [
        {
          "uuid": "f855e18b-c079-42ff-b981-01c3dcd337b4",
          "title": "Utilities",
          "fullFile": "",
          "file": "",
          "beforeHooks": [],
          "afterHooks": [],
          "tests": [
            {
              "title": "Cypress._ - call a lodash method",
              "fullTitle": "Utilities Cypress._ - call a lodash method",
              "timedOut": null,
              "duration": 1596,
              "state": "passed",
              "speed": "fast",
              "pass": true,
              "fail": false,
              "pending": false,
              "context": null,
              "code": "// https://on.cypress.io/_\ncy.request('https://jsonplaceholder.cypress.io/users').then(response => {\n  let ids = Cypress._.chain(response.body).map('id').take(3).value();\n  expect(ids).to.deep.eq([1, 2, 3]);\n});",
              "err": {},
              "uuid": "7ec3ced5-9fea-4a47-a6d3-65865067178e",
              "parentUUID": "f855e18b-c079-42ff-b981-01c3dcd337b4",
              "isHook": false,
              "skipped": false
            },
            {
              "title": "Cypress.$ - call a jQuery method",
              "fullTitle": "Utilities Cypress.$ - call a jQuery method",
              "timedOut": null,
              "duration": 297,
              "state": "passed",
              "speed": "fast",
              "pass": true,
              "fail": false,
              "pending": false,
              "context": null,
              "code": "// https://on.cypress.io/$\nlet $li = Cypress.$('.utility-jquery li:first');\ncy.wrap($li).should('not.have.class', 'active').click().should('have.class', 'active');",
              "err": {},
              "uuid": "79e8dfc5-35d2-4f84-b209-4087134b323c",
              "parentUUID": "f855e18b-c079-42ff-b981-01c3dcd337b4",
              "isHook": false,
              "skipped": false
            },
            {
              "title": "Cypress.Blob - blob utilities and base64 string conversion",
              "fullTitle": "Utilities Cypress.Blob - blob utilities and base64 string conversion",
              "timedOut": null,
              "duration": 792,
              "state": "passed",
              "speed": "fast",
              "pass": true,
              "fail": false,
              "pending": false,
              "context": null,
              "code": "// https://on.cypress.io/blob\ncy.get('.utility-blob').then($div => {\n  // https://github.com/nolanlawson/blob-util#imgSrcToDataURL\n  // get the dataUrl string for the javascript-logo\n  return Cypress.Blob.imgSrcToDataURL('https://example.cypress.io/assets/img/javascript-logo.png', undefined, 'anonymous').then(dataUrl => {\n    // create an <img> element and set its src to the dataUrl\n    let img = Cypress.$('<img />', {\n      src: dataUrl\n    });\n    // need to explicitly return cy here since we are initially returning\n    // the Cypress.Blob.imgSrcToDataURL promise to our test\n    // append the image\n    $div.append(img);\n    cy.get('.utility-blob img').click().should('have.attr', 'src', dataUrl);\n  });\n});",
              "err": {},
              "uuid": "1e330151-2969-4654-afdc-874c65e4ebf5",
              "parentUUID": "f855e18b-c079-42ff-b981-01c3dcd337b4",
              "isHook": false,
              "skipped": false
            },
            {
              "title": "Cypress.minimatch - test out glob patterns against strings",
              "fullTitle": "Utilities Cypress.minimatch - test out glob patterns against strings",
              "timedOut": null,
              "duration": 213,
              "state": "passed",
              "speed": "fast",
              "pass": true,
              "fail": false,
              "pending": false,
              "context": null,
              "code": "// https://on.cypress.io/minimatch\nlet matching = Cypress.minimatch('/users/1/comments', '/users/*/comments', {\n  matchBase: true\n});\nexpect(matching, 'matching wildcard').to.be.true;\nmatching = Cypress.minimatch('/users/1/comments/2', '/users/*/comments', {\n  matchBase: true\n});\nexpect(matching, 'comments').to.be.false;\n// ** matches against all downstream path segments\nmatching = Cypress.minimatch('/foo/bar/baz/123/quux?a=b&c=2', '/foo/**', {\n  matchBase: true\n});\nexpect(matching, 'comments').to.be.true;\n// whereas * matches only the next path segment\nmatching = Cypress.minimatch('/foo/bar/baz/123/quux?a=b&c=2', '/foo/*', {\n  matchBase: false\n});\nexpect(matching, 'comments').to.be.false;",
              "err": {},
              "uuid": "8d0f1018-573d-45ea-8abb-d7da0f9cb440",
              "parentUUID": "f855e18b-c079-42ff-b981-01c3dcd337b4",
              "isHook": false,
              "skipped": false
            },
            {
              "title": "Cypress.Promise - instantiate a bluebird promise",
              "fullTitle": "Utilities Cypress.Promise - instantiate a bluebird promise",
              "timedOut": null,
              "duration": 1168,
              "state": "passed",
              "speed": "fast",
              "pass": true,
              "fail": false,
              "pending": false,
              "context": null,
              "code": "// https://on.cypress.io/promise\nlet waited = false;\n/**\n * @return Bluebird<string>\n */\nfunction waitOneSecond() {\n  // return a promise that resolves after 1 second\n  return new Cypress.Promise((resolve, reject) => {\n    setTimeout(() => {\n      // set waited to true\n      waited = true;\n      // resolve with 'foo' string\n      resolve('foo');\n    }, 1000);\n  });\n}\ncy.then(() => {\n  // return a promise to cy.then() that\n  // is awaited until it resolves\n  return waitOneSecond().then(str => {\n    expect(str).to.eq('foo');\n    expect(waited).to.be.true;\n  });\n});",
              "err": {},
              "uuid": "915914c8-34d8-4233-a9e9-bf8edce79aa0",
              "parentUUID": "f855e18b-c079-42ff-b981-01c3dcd337b4",
              "isHook": false,
              "skipped": false
            }
          ],
          "suites": [],
          "passes": [
            "7ec3ced5-9fea-4a47-a6d3-65865067178e",
            "79e8dfc5-35d2-4f84-b209-4087134b323c",
            "1e330151-2969-4654-afdc-874c65e4ebf5",
            "8d0f1018-573d-45ea-8abb-d7da0f9cb440",
            "915914c8-34d8-4233-a9e9-bf8edce79aa0"
          ],
          "failures": [],
          "pending": [],
          "skipped": [],
          "duration": 4066,
          "root": false,
          "rootEmpty": false,
          "_timeout": 2000
        }
      ],
      "passes": [],
      "failures": [],
      "pending": [],
      "skipped": [],
      "duration": 0,
      "root": true,
      "rootEmpty": true,
      "_timeout": 2000
    }
  ],
  "meta": {
    "mocha": {
      "version": "7.0.1"
    },
    "mochawesome": {
      "options": {
        "quiet": false,
        "reportFilename": "mochawesome",
        "saveHtml": false,
        "saveJson": true,
        "consoleReporter": "spec",
        "useInlineDiffs": false,
        "code": true
      },
      "version": "7.1.3"
    },
    "marge": {
      "options": {
        "overwrite": false,
        "html": false,
        "json": true,
        "reportDir": "cypress\\reports\\html\\.jsons"
      },
      "version": "6.2.0"
    }
  }
}